<?xml version="1.0" encoding="UTF-8"?>
<!-- Generated by org.testng.reporters.JUnitReportReporter -->
<testsuite name="UIPackageMaven.LoginPageTestNG" tests="1" time="0.122" ignored="0" failures="0" timestamp="16 Jul 2017 16:26:15 GMT" skipped="0" hostname="fosbsf-PC" errors="0">
  <testcase name="verifyHomepageTitle" time="0.122" classname="UIPackageMaven.LoginPageTestNG"/>
</testsuite> <!-- UIPackageMaven.LoginPageTestNG -->
